  game.cpp
  gameDoorMaze.cpp
D:\proektna noemv\sprint-10th-grade-pathx\sprint-10th-grade-pathx\gameDoorMaze.cpp(142,67): warning C4244: 'argument': conversion from 'int' to 'float', possible loss of data
D:\proektna noemv\sprint-10th-grade-pathx\sprint-10th-grade-pathx\gameDoorMaze.cpp(147,67): warning C4244: 'argument': conversion from 'int' to 'float', possible loss of data
  gameDoorMaze.h
  gameEasy.cpp
D:\proektna noemv\sprint-10th-grade-pathx\sprint-10th-grade-pathx\gameEasy.cpp(164,36): warning C4244: '=': conversion from 'double' to 'float', possible loss of data
D:\proektna noemv\sprint-10th-grade-pathx\sprint-10th-grade-pathx\gameEasy.cpp(172,41): warning C4244: '=': conversion from 'double' to 'float', possible loss of data
D:\proektna noemv\sprint-10th-grade-pathx\sprint-10th-grade-pathx\gameEasy.cpp(178,41): warning C4244: '=': conversion from 'double' to 'float', possible loss of data
  gameHard.cpp
D:\proektna noemv\sprint-10th-grade-pathx\sprint-10th-grade-pathx\gameHard.cpp(125,75): warning C4244: 'argument': conversion from 'int' to 'float', possible loss of data
D:\proektna noemv\sprint-10th-grade-pathx\sprint-10th-grade-pathx\gameHard.cpp(235,109): warning C4244: 'argument': conversion from 'int' to 'float', possible loss of data
D:\proektna noemv\sprint-10th-grade-pathx\sprint-10th-grade-pathx\gameHard.cpp(239,99): warning C4244: 'argument': conversion from 'int' to 'float', possible loss of data
  gameMedium.cpp
D:\proektna noemv\sprint-10th-grade-pathx\sprint-10th-grade-pathx\gameMedium.cpp(141,63): warning C4244: 'argument': conversion from 'int' to 'float', possible loss of data
  gameSecMaze.cpp
D:\proektna noemv\sprint-10th-grade-pathx\sprint-10th-grade-pathx\gameSecMaze.cpp(116,67): warning C4244: 'argument': conversion from 'int' to 'float', possible loss of data
D:\proektna noemv\sprint-10th-grade-pathx\sprint-10th-grade-pathx\gameSecMaze.cpp(121,67): warning C4244: 'argument': conversion from 'int' to 'float', possible loss of data
  help.cpp
  main.cpp
  Generating Code...
x64\Debug\gameDoorMaze.obj : warning LNK4042: object specified more than once; extras ignored
LINK : warning LNK4098: defaultlib 'MSVCRT' conflicts with use of other libs; use /NODEFAULTLIB:library
  sprint-10th-grade-pathx.vcxproj -> D:\proektna noemv\sprint-10th-grade-pathx\x64\Debug\sprint-10th-grade-pathx.exe
  D:\proektna noemv\sprint-10th-grade-pathx\sprint-10th-grade-pathx\sound\click.wav
  1 File(s) copied
