c:\users\kocet\onedrive\desktop\sprint-10th-grade-pathx\sprint-10th-grade-pathx\x64\debug\vc143.pdb
c:\users\kocet\onedrive\desktop\sprint-10th-grade-pathx\sprint-10th-grade-pathx\x64\debug\vc143.idb
c:\users\kocet\onedrive\desktop\sprint-10th-grade-pathx\sprint-10th-grade-pathx\x64\debug\main.obj
c:\users\kocet\onedrive\desktop\sprint-10th-grade-pathx\sprint-10th-grade-pathx\x64\debug\help.obj
c:\users\kocet\onedrive\desktop\sprint-10th-grade-pathx\sprint-10th-grade-pathx\x64\debug\gamesecmaze.obj
c:\users\kocet\onedrive\desktop\sprint-10th-grade-pathx\sprint-10th-grade-pathx\x64\debug\gamemedium.obj
c:\users\kocet\onedrive\desktop\sprint-10th-grade-pathx\sprint-10th-grade-pathx\x64\debug\gamehard.obj
c:\users\kocet\onedrive\desktop\sprint-10th-grade-pathx\sprint-10th-grade-pathx\x64\debug\gameeasy.obj
c:\users\kocet\onedrive\desktop\sprint-10th-grade-pathx\sprint-10th-grade-pathx\x64\debug\gamedoormaze.obj
c:\users\kocet\onedrive\desktop\sprint-10th-grade-pathx\sprint-10th-grade-pathx\x64\debug\game.obj
c:\users\user\documents\sprint-10th-grade-pathx\sprint-10th-grade-pathx\x64\debug\vc143.pdb
c:\users\user\documents\sprint-10th-grade-pathx\sprint-10th-grade-pathx\x64\debug\vc143.idb
c:\users\user\documents\sprint-10th-grade-pathx\sprint-10th-grade-pathx\x64\debug\main.obj
c:\users\user\documents\sprint-10th-grade-pathx\sprint-10th-grade-pathx\x64\debug\help.obj
c:\users\user\documents\sprint-10th-grade-pathx\sprint-10th-grade-pathx\x64\debug\gamesecmaze.obj
c:\users\user\documents\sprint-10th-grade-pathx\sprint-10th-grade-pathx\x64\debug\gamemedium.obj
c:\users\user\documents\sprint-10th-grade-pathx\sprint-10th-grade-pathx\x64\debug\gamehard.obj
c:\users\user\documents\sprint-10th-grade-pathx\sprint-10th-grade-pathx\x64\debug\gameeasy.obj
c:\users\user\documents\sprint-10th-grade-pathx\sprint-10th-grade-pathx\x64\debug\gamedoormaze.obj
c:\users\user\documents\sprint-10th-grade-pathx\sprint-10th-grade-pathx\x64\debug\game.obj
c:\users\kocet\onedrive\desktop\sprint-10th-grade-pathx\x64\debug\sprint-10th-grade-pathx.exe
c:\users\kocet\onedrive\desktop\sprint-10th-grade-pathx\x64\debug\sprint-10th-grade-pathx.pdb
c:\users\kocet\onedrive\desktop\sprint-10th-grade-pathx\sprint-10th-grade-pathx\x64\debug\sprint-10th-grade-pathx.ilk
c:\users\user\documents\sprint-10th-grade-pathx\x64\debug\sprint-10th-grade-pathx.pdb
c:\users\user\documents\sprint-10th-grade-pathx\sprint-10th-grade-pathx\x64\debug\sprint-1.646b7c61.tlog\cl.command.1.tlog
c:\users\user\documents\sprint-10th-grade-pathx\sprint-10th-grade-pathx\x64\debug\sprint-1.646b7c61.tlog\cl.items.tlog
c:\users\user\documents\sprint-10th-grade-pathx\sprint-10th-grade-pathx\x64\debug\sprint-1.646b7c61.tlog\cl.read.1.tlog
c:\users\user\documents\sprint-10th-grade-pathx\sprint-10th-grade-pathx\x64\debug\sprint-1.646b7c61.tlog\cl.write.1.tlog
c:\users\user\documents\sprint-10th-grade-pathx\sprint-10th-grade-pathx\x64\debug\sprint-1.646b7c61.tlog\link.command.1.tlog
c:\users\user\documents\sprint-10th-grade-pathx\sprint-10th-grade-pathx\x64\debug\sprint-1.646b7c61.tlog\link.read.1.tlog
c:\users\user\documents\sprint-10th-grade-pathx\sprint-10th-grade-pathx\x64\debug\sprint-1.646b7c61.tlog\link.secondary.1.tlog
c:\users\user\documents\sprint-10th-grade-pathx\sprint-10th-grade-pathx\x64\debug\sprint-1.646b7c61.tlog\link.write.1.tlog
